<?xml version="1.0" encoding="UTF-8"?>
<testsuite name="com.example.demo.DemoFull2ApplicationTests" tests="1" skipped="0" failures="0" errors="0" timestamp="2024-08-30T02:43:17" hostname="DESKTOP-N8NU3MS" time="0.471">
  <properties/>
  <testcase name="contextLoads()" classname="com.example.demo.DemoFull2ApplicationTests" time="0.471"/>
  <system-out><![CDATA[11:43:16.562 [Test worker] INFO org.springframework.test.context.support.AnnotationConfigContextLoaderUtils -- Could not detect default configuration classes for test class [com.example.demo.DemoFull2ApplicationTests]: DemoFull2ApplicationTests does not declare any static, non-private, non-final, nested classes annotated with @Configuration.
11:43:16.628 [Test worker] INFO org.springframework.boot.test.context.SpringBootTestContextBootstrapper -- Found @SpringBootConfiguration com.example.demo.DemoFull2Application for test class com.example.demo.DemoFull2ApplicationTests

  .   ____          _            __ _ _
 /\\ / ___'_ __ _ _(_)_ __  __ _ \ \ \ \
( ( )\___ | '_ | '_| | '_ \/ _` | \ \ \ \
 \\/  ___)| |_)| | | | | || (_| |  ) ) ) )
  '  |____| .__|_| |_|_| |_\__, | / / / /
 =========|_|==============|___/=/_/_/_/

 :: Spring Boot ::                (v3.3.3)

2024-08-30T11:43:16.878+09:00  INFO 13092 --- [    Test worker] c.e.demo.DemoFull2ApplicationTests       : Starting DemoFull2ApplicationTests using Java 17.0.12 with PID 13092 (started by user1 in C:\Users\user1\Desktop\deploy-java-react\demo-full-2)
2024-08-30T11:43:16.879+09:00  INFO 13092 --- [    Test worker] c.e.demo.DemoFull2ApplicationTests       : No active profile set, falling back to 1 default profile: "default"
2024-08-30T11:43:17.376+09:00  INFO 13092 --- [    Test worker] o.s.b.a.w.s.WelcomePageHandlerMapping    : Adding welcome page: class path resource [static/index.html]
2024-08-30T11:43:17.522+09:00  INFO 13092 --- [    Test worker] c.e.demo.DemoFull2ApplicationTests       : Started DemoFull2ApplicationTests in 0.792 seconds (process running for 1.469)
]]></system-out>
  <system-err><![CDATA[]]></system-err>
</testsuite>
